<?xml version="1.0" encoding="UTF-8"?>
<!-- Generated by org.testng.reporters.JUnitReportReporter -->
<testsuite hostname="keshav" name="com.naukri.testCases.NaukriLogin" tests="1" failures="0" timestamp="4 Oct 2017 06:46:17 GMT" time="21.049" errors="0">
  <testcase name="mainMethod" time="21.049" classname="com.naukri.testCases.NaukriLogin"/>
</testsuite> <!-- com.naukri.testCases.NaukriLogin -->
